0 info it worked if it ends with ok
1 verbose cli [ '/usr/bin/nodejs', '/usr/bin/npm', 'run', 'test:local' ]
2 info using npm@3.5.2
3 info using node@v4.2.6
4 verbose run-script [ 'pretest:local', 'test:local', 'posttest:local' ]
5 info lifecycle KanstantsinNekhniad1992.github.io@1.0.0~pretest:local: KanstantsinNekhniad1992.github.io@1.0.0
6 silly lifecycle KanstantsinNekhniad1992.github.io@1.0.0~pretest:local: no script for pretest:local, continuing
7 info lifecycle KanstantsinNekhniad1992.github.io@1.0.0~test:local: KanstantsinNekhniad1992.github.io@1.0.0
8 verbose lifecycle KanstantsinNekhniad1992.github.io@1.0.0~test:local: unsafe-perm in lifecycle true
9 verbose lifecycle KanstantsinNekhniad1992.github.io@1.0.0~test:local: PATH: /usr/share/npm/bin/node-gyp-bin:/home/kos/koS/Projects/KanstantsinNekhniad1992.github.io/node_modules/.bin:/home/kos/bin:/home/kos/.local/bin:/home/kos/bin:/home/kos/.local/bin:/usr/local/sbin:/usr/local/bin:/usr/sbin:/usr/bin:/sbin:/bin:/usr/games:/usr/local/games:/snap/bin:/snap/bin
10 verbose lifecycle KanstantsinNekhniad1992.github.io@1.0.0~test:local: CWD: /home/kos/koS/Projects/KanstantsinNekhniad1992.github.io
11 silly lifecycle KanstantsinNekhniad1992.github.io@1.0.0~test:local: Args: [ '-c', 'karma start --browsers PhantomJS --single-run false' ]
12 silly lifecycle KanstantsinNekhniad1992.github.io@1.0.0~test:local: Returned: code: 1  signal: null
13 info lifecycle KanstantsinNekhniad1992.github.io@1.0.0~test:local: Failed to exec test:local script
14 verbose stack Error: KanstantsinNekhniad1992.github.io@1.0.0 test:local: `karma start --browsers PhantomJS --single-run false`
14 verbose stack Exit status 1
14 verbose stack     at EventEmitter.<anonymous> (/usr/share/npm/lib/utils/lifecycle.js:232:16)
14 verbose stack     at emitTwo (events.js:87:13)
14 verbose stack     at EventEmitter.emit (events.js:172:7)
14 verbose stack     at ChildProcess.<anonymous> (/usr/share/npm/lib/utils/spawn.js:24:14)
14 verbose stack     at emitTwo (events.js:87:13)
14 verbose stack     at ChildProcess.emit (events.js:172:7)
14 verbose stack     at maybeClose (internal/child_process.js:821:16)
14 verbose stack     at Process.ChildProcess._handle.onexit (internal/child_process.js:211:5)
15 verbose pkgid KanstantsinNekhniad1992.github.io@1.0.0
16 verbose cwd /home/kos/koS/Projects/KanstantsinNekhniad1992.github.io
17 error Linux 4.4.0-62-generic
18 error argv "/usr/bin/nodejs" "/usr/bin/npm" "run" "test:local"
19 error node v4.2.6
20 error npm  v3.5.2
21 error code ELIFECYCLE
22 error KanstantsinNekhniad1992.github.io@1.0.0 test:local: `karma start --browsers PhantomJS --single-run false`
22 error Exit status 1
23 error Failed at the KanstantsinNekhniad1992.github.io@1.0.0 test:local script 'karma start --browsers PhantomJS --single-run false'.
23 error Make sure you have the latest version of node.js and npm installed.
23 error If you do, this is most likely a problem with the KanstantsinNekhniad1992.github.io package,
23 error not with npm itself.
23 error Tell the author that this fails on your system:
23 error     karma start --browsers PhantomJS --single-run false
23 error You can get information on how to open an issue for this project with:
23 error     npm bugs KanstantsinNekhniad1992.github.io
23 error Or if that isn't available, you can get their info via:
23 error     npm owner ls KanstantsinNekhniad1992.github.io
23 error There is likely additional logging output above.
24 verbose exit [ 1, true ]
